# JRE version: OpenJDK Runtime Environment (8.0_181-b13) (build 1.8.0_181-8u181-b13-0ubuntu0.16.04.1-b13)
# Java VM: OpenJDK 64-Bit Server VM (25.181-b13 mixed mode linux-amd64 compressed oops)
Heap:
 PSYoungGen      total 537600K, used 141398K [0x00000000d5580000, 0x0000000100000000, 0x0000000100000000)
  eden space 376320K, 0% used [0x00000000d5580000,0x00000000d5580000,0x00000000ec500000)
  from space 161280K, 87% used [0x00000000ec500000,0x00000000f4f159c0,0x00000000f6280000)
  to   space 161280K, 0% used [0x00000000f6280000,0x00000000f6280000,0x0000000100000000)
 ParOldGen       total 710656K, used 710344K [0x0000000080000000, 0x00000000ab600000, 0x00000000d5580000)
  object space 710656K, 99% used [0x0000000080000000,0x00000000ab5b2018,0x00000000ab600000)
 Metaspace       used 3444K, capacity 4566K, committed 4864K, reserved 1056768K
  class space    used 351K, capacity 390K, committed 512K, reserved 1048576K
GC Heap History (10 events):
Event: 36.650 GC heap after
Heap after GC invocations=96 (full 5):
 PSYoungGen      total 532992K, used 150432K [0x00000000d5580000, 0x0000000100000000, 0x0000000100000000)
  eden space 382464K, 0% used [0x00000000d5580000,0x00000000d5580000,0x00000000ecb00000)
  from space 150528K, 99% used [0x00000000ecb00000,0x00000000f5de8000,0x00000000f5e00000)
  to   space 159232K, 0% used [0x00000000f6480000,0x00000000f6480000,0x0000000100000000)
 ParOldGen       total 710656K, used 665531K [0x0000000080000000, 0x00000000ab600000, 0x00000000d5580000)
  object space 710656K, 93% used [0x0000000080000000,0x00000000a89eefc8,0x00000000ab600000)
 Metaspace       used 3444K, capacity 4566K, committed 4864K, reserved 1056768K
  class space    used 351K, capacity 390K, committed 512K, reserved 1048576K
}
Event: 37.040 GC heap before
{Heap before GC invocations=97 (full 5):
 PSYoungGen      total 532992K, used 532896K [0x00000000d5580000, 0x0000000100000000, 0x0000000100000000)
  eden space 382464K, 100% used [0x00000000d5580000,0x00000000ecb00000,0x00000000ecb00000)
  from space 150528K, 99% used [0x00000000ecb00000,0x00000000f5de8000,0x00000000f5e00000)
  to   space 159232K, 0% used [0x00000000f6480000,0x00000000f6480000,0x0000000100000000)
 ParOldGen       total 710656K, used 665531K [0x0000000080000000, 0x00000000ab600000, 0x00000000d5580000)
  object space 710656K, 93% used [0x0000000080000000,0x00000000a89eefc8,0x00000000ab600000)
 Metaspace       used 3444K, capacity 4566K, committed 4864K, reserved 1056768K
  class space    used 351K, capacity 390K, committed 512K, reserved 1048576K
Event: 37.137 GC heap after
Heap after GC invocations=97 (full 5):
 PSYoungGen      total 537600K, used 150432K [0x00000000d5580000, 0x0000000100000000, 0x0000000100000000)
  eden space 378368K, 0% used [0x00000000d5580000,0x00000000d5580000,0x00000000ec700000)
  from space 159232K, 94% used [0x00000000f6480000,0x00000000ff768000,0x0000000100000000)
  to   space 160256K, 0% used [0x00000000ec700000,0x00000000ec700000,0x00000000f6380000)
 ParOldGen       total 710656K, used 675451K [0x0000000080000000, 0x00000000ab600000, 0x00000000d5580000)
  object space 710656K, 95% used [0x0000000080000000,0x00000000a939efc8,0x00000000ab600000)
 Metaspace       used 3444K, capacity 4566K, committed 4864K, reserved 1056768K
  class space    used 351K, capacity 390K, committed 512K, reserved 1048576K
}
Event: 37.489 GC heap before
{Heap before GC invocations=98 (full 5):
 PSYoungGen      total 537600K, used 528800K [0x00000000d5580000, 0x0000000100000000, 0x0000000100000000)
  eden space 378368K, 100% used [0x00000000d5580000,0x00000000ec700000,0x00000000ec700000)
  from space 159232K, 94% used [0x00000000f6480000,0x00000000ff768000,0x0000000100000000)
  to   space 160256K, 0% used [0x00000000ec700000,0x00000000ec700000,0x00000000f6380000)
 ParOldGen       total 710656K, used 675451K [0x0000000080000000, 0x00000000ab600000, 0x00000000d5580000)
  object space 710656K, 95% used [0x0000000080000000,0x00000000a939efc8,0x00000000ab600000)
 Metaspace       used 3444K, capacity 4566K, committed 4864K, reserved 1056768K
  class space    used 351K, capacity 390K, committed 512K, reserved 1048576K
Event: 37.606 GC heap after
Heap after GC invocations=98 (full 5):
 PSYoungGen      total 528896K, used 150112K [0x00000000d5580000, 0x0000000100000000, 0x0000000100000000)
  eden space 378368K, 0% used [0x00000000d5580000,0x00000000d5580000,0x00000000ec700000)
  from space 150528K, 99% used [0x00000000ec700000,0x00000000f5998000,0x00000000f5a00000)
  to   space 160768K, 0% used [0x00000000f6300000,0x00000000f6300000,0x0000000100000000)
 ParOldGen       total 710656K, used 685363K [0x0000000080000000, 0x00000000ab600000, 0x00000000d5580000)
  object space 710656K, 96% used [0x0000000080000000,0x00000000a9d4cfc8,0x00000000ab600000)
 Metaspace       used 3444K, capacity 4566K, committed 4864K, reserved 1056768K
  class space    used 351K, capacity 390K, committed 512K, reserved 1048576K
}
Event: 38.031 GC heap before
{Heap before GC invocations=99 (full 5):
 PSYoungGen      total 528896K, used 528480K [0x00000000d5580000, 0x0000000100000000, 0x0000000100000000)
  eden space 378368K, 100% used [0x00000000d5580000,0x00000000ec700000,0x00000000ec700000)
  from space 150528K, 99% used [0x00000000ec700000,0x00000000f5998000,0x00000000f5a00000)
  to   space 160768K, 0% used [0x00000000f6300000,0x00000000f6300000,0x0000000100000000)
 ParOldGen       total 710656K, used 685363K [0x0000000080000000, 0x00000000ab600000, 0x00000000d5580000)
  object space 710656K, 96% used [0x0000000080000000,0x00000000a9d4cfc8,0x00000000ab600000)
 Metaspace       used 3444K, capacity 4566K, committed 4864K, reserved 1056768K
  class space    used 351K, capacity 390K, committed 512K, reserved 1048576K
Event: 38.138 GC heap after
Heap after GC invocations=99 (full 5):
 PSYoungGen      total 537088K, used 149920K [0x00000000d5580000, 0x0000000100000000, 0x0000000100000000)
  eden space 376320K, 0% used [0x00000000d5580000,0x00000000d5580000,0x00000000ec500000)
  from space 160768K, 93% used [0x00000000f6300000,0x00000000ff568000,0x0000000100000000)
  to   space 161280K, 0% used [0x00000000ec500000,0x00000000ec500000,0x00000000f6280000)
 ParOldGen       total 710656K, used 695387K [0x0000000080000000, 0x00000000ab600000, 0x00000000d5580000)
  object space 710656K, 97% used [0x0000000080000000,0x00000000aa716fc8,0x00000000ab600000)
 Metaspace       used 3444K, capacity 4566K, committed 4864K, reserved 1056768K
  class space    used 351K, capacity 390K, committed 512K, reserved 1048576K
}
Event: 38.538 GC heap before
{Heap before GC invocations=100 (full 5):
 PSYoungGen      total 537088K, used 526240K [0x00000000d5580000, 0x0000000100000000, 0x0000000100000000)
  eden space 376320K, 100% used [0x00000000d5580000,0x00000000ec500000,0x00000000ec500000)
  from space 160768K, 93% used [0x00000000f6300000,0x00000000ff568000,0x0000000100000000)
  to   space 161280K, 0% used [0x00000000ec500000,0x00000000ec500000,0x00000000f6280000)
 ParOldGen       total 710656K, used 695387K [0x0000000080000000, 0x00000000ab600000, 0x00000000d5580000)
  object space 710656K, 97% used [0x0000000080000000,0x00000000aa716fc8,0x00000000ab600000)
 Metaspace       used 3444K, capacity 4566K, committed 4864K, reserved 1056768K
  class space    used 351K, capacity 390K, committed 512K, reserved 1048576K
Event: 38.671 GC heap after
Heap after GC invocations=100 (full 5):
 PSYoungGen      total 537600K, used 149472K [0x00000000d5580000, 0x0000000100000000, 0x0000000100000000)
  eden space 376320K, 0% used [0x00000000d5580000,0x00000000d5580000,0x00000000ec500000)
  from space 161280K, 92% used [0x00000000ec500000,0x00000000f56f8000,0x00000000f6280000)
  to   space 161280K, 0% used [0x00000000f6280000,0x00000000f6280000,0x0000000100000000)
 ParOldGen       total 710656K, used 705419K [0x0000000080000000, 0x00000000ab600000, 0x00000000d5580000)
  object space 710656K, 99% used [0x0000000080000000,0x00000000ab0e2fc8,0x00000000ab600000)
 Metaspace       used 3444K, capacity 4566K, committed 4864K, reserved 1056768K
  class space    used 351K, capacity 390K, committed 512K, reserved 1048576K
}
Event: 38.674 GC heap before
{Heap before GC invocations=101 (full 6):
 PSYoungGen      total 537600K, used 149472K [0x00000000d5580000, 0x0000000100000000, 0x0000000100000000)
  eden space 376320K, 0% used [0x00000000d5580000,0x00000000d5580000,0x00000000ec500000)
  from space 161280K, 92% used [0x00000000ec500000,0x00000000f56f8000,0x00000000f6280000)
  to   space 161280K, 0% used [0x00000000f6280000,0x00000000f6280000,0x0000000100000000)
 ParOldGen       total 710656K, used 705419K [0x0000000080000000, 0x00000000ab600000, 0x00000000d5580000)
  object space 710656K, 99% used [0x0000000080000000,0x00000000ab0e2fc8,0x00000000ab600000)
 Metaspace       used 3444K, capacity 4566K, committed 4864K, reserved 1056768K
  class space    used 351K, capacity 390K, committed 512K, reserved 1048576K

